<?xml version="1.0" encoding="UTF-8"?>
<testng-results ignored="0" total="3" passed="3" failed="0" skipped="0">
  <reporter-output>
  </reporter-output>
  <suite started-at="2026-02-17T23:55:49 IST" name="Default suite" finished-at="2026-02-17T23:55:55 IST" duration-ms="5897">
    <groups>
    </groups>
    <test started-at="2026-02-17T23:55:49 IST" name="Default test" finished-at="2026-02-17T23:55:55 IST" duration-ms="5897">
      <class name="DynamicJson">
        <test-method signature="addBook(java.lang.String,java.lang.String)[pri:0, instance:DynamicJson@7f485fda]" started-at="2026-02-17T23:55:49 IST" name="addBook" data-provider="BooksData" finished-at="2026-02-17T23:55:55 IST" duration-ms="5406" status="PASS">
          <params>
            <param index="0">
              <value>
                <![CDATA[Book001]]>
              </value>
            </param>
            <param index="1">
              <value>
                <![CDATA[1111]]>
              </value>
            </param>
          </params>
          <reporter-output>
          </reporter-output>
        </test-method> <!-- addBook -->
        <test-method signature="addBook(java.lang.String,java.lang.String)[pri:0, instance:DynamicJson@7f485fda]" started-at="2026-02-17T23:55:55 IST" name="addBook" data-provider="BooksData" finished-at="2026-02-17T23:55:55 IST" duration-ms="174" status="PASS">
          <params>
            <param index="0">
              <value>
                <![CDATA[Book002]]>
              </value>
            </param>
            <param index="1">
              <value>
                <![CDATA[1112]]>
              </value>
            </param>
          </params>
          <reporter-output>
          </reporter-output>
        </test-method> <!-- addBook -->
        <test-method signature="addBook(java.lang.String,java.lang.String)[pri:0, instance:DynamicJson@7f485fda]" started-at="2026-02-17T23:55:55 IST" name="addBook" data-provider="BooksData" finished-at="2026-02-17T23:55:55 IST" duration-ms="144" status="PASS">
          <params>
            <param index="0">
              <value>
                <![CDATA[Book003]]>
              </value>
            </param>
            <param index="1">
              <value>
                <![CDATA[1113]]>
              </value>
            </param>
          </params>
          <reporter-output>
          </reporter-output>
        </test-method> <!-- addBook -->
      </class> <!-- DynamicJson -->
    </test> <!-- Default test -->
  </suite> <!-- Default suite -->
</testng-results>
